12:35:51.229  INFO  tests.TestBase ### Start testloginPositive
12:35:51.233  INFO  manager.MyListener Start searching element byBy.xpath: //button[.='Sign Out']
12:36:01.279  INFO  manager.MyListener The element with locator byBy.xpath: //button[.='Sign Out']is found successfully
12:36:01.282  INFO  manager.MyListener Start searching element byBy.xpath: //a[@href='/login']
12:36:01.308  INFO  manager.MyListener The element with locator byBy.xpath: //a[@href='/login']is found successfully
12:36:01.367  INFO  manager.MyListener Start searching element byBy.xpath: //input[1]
12:36:01.384  INFO  manager.MyListener The element with locator byBy.xpath: //input[1]is found successfully
12:36:01.514  INFO  manager.MyListener Start searching element byBy.xpath: //input[2]
12:36:01.527  INFO  manager.MyListener The element with locator byBy.xpath: //input[2]is found successfully
12:36:01.649  INFO  manager.MyListener Start searching element byBy.xpath: //button[1]
12:36:01.669  INFO  manager.MyListener The element with locator byBy.xpath: //button[1]is found successfully
12:36:01.704  INFO  manager.MyListener Start searching element byBy.xpath: //button[.='Sign Out']
12:36:02.825  INFO  manager.MyListener The element with locator byBy.xpath: //button[.='Sign Out']is found successfully
12:36:02.828  INFO  tests.TestBase ### Finished###
12:36:02.830  INFO  tests.TestBase ### Start testloginWrongEmail
12:36:02.830  INFO  manager.MyListener Start searching element byBy.xpath: //button[.='Sign Out']
12:36:02.839  INFO  manager.MyListener The element with locator byBy.xpath: //button[.='Sign Out']is found successfully
12:36:02.840  INFO  manager.MyListener Start searching element byBy.xpath: //button[.='Sign Out']
12:36:02.861  INFO  manager.MyListener The element with locator byBy.xpath: //button[.='Sign Out']is found successfully
12:36:02.899  INFO  manager.MyListener Start searching element byBy.xpath: //a[@href='/login']
12:36:02.920  INFO  manager.MyListener The element with locator byBy.xpath: //a[@href='/login']is found successfully
12:36:02.959  INFO  manager.MyListener Start searching element byBy.xpath: //input[1]
12:36:02.981  INFO  manager.MyListener The element with locator byBy.xpath: //input[1]is found successfully
12:36:03.105  INFO  manager.MyListener Start searching element byBy.xpath: //input[2]
12:36:03.117  INFO  manager.MyListener The element with locator byBy.xpath: //input[2]is found successfully
12:36:03.236  INFO  manager.MyListener Start searching element byBy.xpath: //button[1]
12:36:03.257  INFO  manager.MyListener The element with locator byBy.xpath: //button[1]is found successfully
12:36:03.298  INFO  tests.TestBase ### Finished###
12:36:03.299  INFO  tests.TestBase ### Start testloginWrongPassword
12:36:03.300  INFO  manager.MyListener Start searching element byBy.xpath: //button[.='Sign Out']
12:36:03.692  INFO  manager.MyListener The element with locator byBy.xpath: //button[.='Sign Out']is found successfully
12:36:03.693  INFO  manager.MyListener Start searching element byBy.xpath: //a[@href='/login']
12:36:03.715  INFO  manager.MyListener Something went wrong!
12:36:03.715  INFO  manager.MyListener unexpected alert open: {Alert text : Wrong email or password}
  (Session info: chrome=111.0.5563.147): Wrong email or password
Build info: version: '3.141.59', revision: 'e82be7d358', time: '2018-11-14T08:17:03'
System info: host: 'DESKTOP-SND699A', ip: '192.168.1.31', os.name: 'Windows 11', os.arch: 'amd64', os.version: '10.0', java.version: '11.0.16.1'
Driver info: org.openqa.selenium.chrome.ChromeDriver
Capabilities {acceptInsecureCerts: false, browserName: chrome, browserVersion: 111.0.5563.147, chrome: {chromedriverVersion: 111.0.5563.64 (c710e93d5b63..., userDataDir: C:\Users\Asus\AppData\Local...}, goog:chromeOptions: {debuggerAddress: localhost:60683}, javascriptEnabled: true, networkConnectionEnabled: false, pageLoadStrategy: normal, platform: WINDOWS, platformName: WINDOWS, proxy: Proxy(), setWindowRect: true, strictFileInteractability: false, timeouts: {implicit: 0, pageLoad: 300000, script: 30000}, unhandledPromptBehavior: dismiss and notify, webauthn:extension:credBlob: true, webauthn:extension:largeBlob: true, webauthn:extension:minPinLength: true, webauthn:extension:prf: true, webauthn:virtualAuthenticators: true}
Session ID: f4d485c635ca5c6c5b2a6ec3925a7800
*** Element info: {Using=xpath, value=//a[@href='/login']}
12:36:03.716  INFO  manager.MyListener unexpected alert open: {Alert text : Wrong email or password}
  (Session info: chrome=111.0.5563.147): Wrong email or password
Build info: version: '3.141.59', revision: 'e82be7d358', time: '2018-11-14T08:17:03'
System info: host: 'DESKTOP-SND699A', ip: '192.168.1.31', os.name: 'Windows 11', os.arch: 'amd64', os.version: '10.0', java.version: '11.0.16.1'
Driver info: org.openqa.selenium.chrome.ChromeDriver
Capabilities {acceptInsecureCerts: false, browserName: chrome, browserVersion: 111.0.5563.147, chrome: {chromedriverVersion: 111.0.5563.64 (c710e93d5b63..., userDataDir: C:\Users\Asus\AppData\Local...}, goog:chromeOptions: {debuggerAddress: localhost:60683}, javascriptEnabled: true, networkConnectionEnabled: false, pageLoadStrategy: normal, platform: WINDOWS, platformName: WINDOWS, proxy: Proxy(), setWindowRect: true, strictFileInteractability: false, timeouts: {implicit: 0, pageLoad: 300000, script: 30000}, unhandledPromptBehavior: dismiss and notify, webauthn:extension:credBlob: true, webauthn:extension:largeBlob: true, webauthn:extension:minPinLength: true, webauthn:extension:prf: true, webauthn:virtualAuthenticators: true}
Session ID: f4d485c635ca5c6c5b2a6ec3925a7800
*** Element info: {Using=xpath, value=//a[@href='/login']}
12:36:04.034  INFO  manager.MyListener Here is the link to screenshot with error: src/test/screenshots/screenshot-2163.png
12:36:04.035  INFO  tests.TestBase ### Finished###
12:36:04.039  INFO  tests.TestBase ### Start testregPositiveTest
12:36:04.040  INFO  manager.MyListener Start searching element byBy.xpath: //button[.='Sign Out']
12:36:14.056  INFO  manager.MyListener The element with locator byBy.xpath: //button[.='Sign Out']is found successfully
12:36:14.057  INFO  manager.MyListener Start searching element byBy.xpath: //a[@href='/login']
12:36:14.069  INFO  manager.MyListener The element with locator byBy.xpath: //a[@href='/login']is found successfully
12:36:14.113  INFO  tests.TestBase registrationPositiveTest starts with: yarik7772174@gmail.com & 9872174Yy$
12:36:14.113  INFO  manager.MyListener Start searching element byBy.xpath: //input[1]
12:36:14.133  INFO  manager.MyListener The element with locator byBy.xpath: //input[1]is found successfully
12:36:14.282  INFO  manager.MyListener Start searching element byBy.xpath: //input[2]
12:36:14.291  INFO  manager.MyListener The element with locator byBy.xpath: //input[2]is found successfully
12:36:14.421  INFO  manager.MyListener Start searching element byBy.xpath: //button[2]
12:36:14.449  INFO  manager.MyListener The element with locator byBy.xpath: //button[2]is found successfully
12:36:14.481  INFO  tests.TestBase registrationPositiveTest completed
12:36:14.481  INFO  manager.MyListener Start searching element byBy.xpath: //a[text()='ADD']
12:36:14.982  INFO  manager.MyListener The element with locator byBy.xpath: //a[text()='ADD']is found successfully
12:36:14.984  INFO  tests.TestBase ### Finished###
12:36:14.985  INFO  tests.TestBase ### Start testregistrationWrongEmail
12:36:14.986  INFO  manager.MyListener Start searching element byBy.xpath: //button[.='Sign Out']
12:36:14.997  INFO  manager.MyListener The element with locator byBy.xpath: //button[.='Sign Out']is found successfully
12:36:14.997  INFO  manager.MyListener Start searching element byBy.xpath: //button[.='Sign Out']
12:36:15.015  INFO  manager.MyListener The element with locator byBy.xpath: //button[.='Sign Out']is found successfully
12:36:15.057  INFO  manager.MyListener Start searching element byBy.xpath: //a[@href='/login']
12:36:15.079  INFO  manager.MyListener The element with locator byBy.xpath: //a[@href='/login']is found successfully
12:36:15.116  INFO  manager.MyListener Start searching element byBy.xpath: //input[1]
12:36:15.124  INFO  manager.MyListener The element with locator byBy.xpath: //input[1]is found successfully
12:36:15.261  INFO  manager.MyListener Start searching element byBy.xpath: //input[2]
12:36:15.282  INFO  manager.MyListener The element with locator byBy.xpath: //input[2]is found successfully
12:36:15.400  INFO  manager.MyListener Start searching element byBy.xpath: //button[2]
12:36:15.425  INFO  manager.MyListener The element with locator byBy.xpath: //button[2]is found successfully
12:36:15.996  INFO  tests.TestBase ### Finished###
12:36:15.997  INFO  tests.TestBase ### Start testregistrationWrongPassword
12:36:15.998  INFO  manager.MyListener Start searching element byBy.xpath: //button[.='Sign Out']
12:36:26.046  INFO  manager.MyListener The element with locator byBy.xpath: //button[.='Sign Out']is found successfully
12:36:26.046  INFO  manager.MyListener Start searching element byBy.xpath: //a[@href='/login']
12:36:26.060  INFO  manager.MyListener The element with locator byBy.xpath: //a[@href='/login']is found successfully
12:36:26.098  INFO  manager.MyListener Start searching element byBy.xpath: //input[1]
12:36:26.107  INFO  manager.MyListener The element with locator byBy.xpath: //input[1]is found successfully
12:36:26.252  INFO  manager.MyListener Start searching element byBy.xpath: //input[2]
12:36:26.262  INFO  manager.MyListener The element with locator byBy.xpath: //input[2]is found successfully
12:36:26.392  INFO  manager.MyListener Start searching element byBy.xpath: //button[2]
12:36:26.406  INFO  manager.MyListener The element with locator byBy.xpath: //button[2]is found successfully
12:36:26.981  INFO  tests.TestBase ### Finished###
